2018-09-04 20:53:45,823 INFO Raw image file compression disabled.
2018-09-04 20:53:45,834 INFO Running command to acquire an image: ims100_testapp -R 8 -G 8 -B 8 -c /dev/ttyACM0 -m /dev/sda -v 0 -n 1 -p -e 2 >> /home/exp1000/logs/opssat_smartcam_20180904_205345.log 2>&1

ctrl port        : /dev/ttyACM0
data port        : /dev/sda
exposure time    : 2
number of images : 1
bw img sensor    : 0
default conf     : 1
video duration   : 0
gain (RGB)       : 8 8 8
-------------------------


BST IMS100 Telemetry:
    version : 
    status  : 00
    temp[°C]: 0

exit success
2018-09-04 20:53:54,206 INFO Acquired image: /home/exp1000/img_msec_1536094429238_2.png
2018-09-04 20:53:54,208 INFO Running command to create thumbnail: pngtopam /home/exp1000/img_msec_1536094429238_2.png | pamscale 0.29999999999999999 | pnmtojpeg -quality 90 > /home/exp1000/img_msec_1536094429238_2_thumbnail.jpeg
2018-09-04 20:53:56,806 INFO Labeling the image using the 'default' model.
2018-09-04 20:53:56,808 INFO Running command to create input: pngtopam /home/exp1000/img_msec_1536094429238_2.png | pamscale -xsize 224 -ysize 224 | pnmtojpeg -quality 90 > /home/exp1000/img_msec_1536094429238_2_input.jpeg
2018-09-04 20:53:58,208 INFO Running command to label the image: /home/exp1000/bin/tensorflow/lite/c/image_classifier /home/exp1000/img_msec_1536094429238_2_input.jpeg /home/exp1000/models/default/model.tflite /home/exp1000/models/default/labels.txt 224 224 0 255
2018-09-04 20:53:59,802 INFO Model prediction results: {"bad": 0.849295, "earth": 0.065724, "edge": 0.084981}
2018-09-04 20:53:59,804 INFO Labeling the image as 'bad'.
2018-09-04 20:53:59,808 ERROR Failed TLE computation with image timestamp: 1536094429238
Traceback (most recent call last):
  File "/home/exp1000/acquire_and_label_images.py", line 304, in collect_metadata
    self.tle.compute(d_ephem)
ValueError: TLE elements are valid for a few weeks around their epoch, but you are asking about a date 844 days from the epoch
2018-09-04 20:53:59,814 INFO Ditching the image.
2018-09-04 20:53:59,836 INFO Removed file: /home/exp1000/img_msec_1536094429238_2.ims_rgb
2018-09-04 20:53:59,839 INFO Removed file: /home/exp1000/img_msec_1536094429238_2.png
2018-09-04 20:53:59,841 INFO Removed file: /home/exp1000/img_msec_1536094429238_2_input.jpeg
2018-09-04 20:53:59,842 INFO Removed file: /home/exp1000/img_msec_1536094429238_2_thumbnail.jpeg
2018-09-04 20:53:59,844 INFO Wait 5 seconds...
2018-09-04 20:54:04,852 INFO Running command to acquire an image: ims100_testapp -R 8 -G 8 -B 8 -c /dev/ttyACM0 -m /dev/sda -v 0 -n 1 -p -e 2 >> /home/exp1000/logs/opssat_smartcam_20180904_205345.log 2>&1

ctrl port        : /dev/ttyACM0
data port        : /dev/sda
exposure time    : 2
number of images : 1
bw img sensor    : 0
default conf     : 1
video duration   : 0
gain (RGB)       : 8 8 8
-------------------------


BST IMS100 Telemetry:
    version : 
    status  : 00
    temp[°C]: 0

exit success
2018-09-04 20:54:13,082 INFO Acquired image: /home/exp1000/img_msec_1536094448288_2.png
2018-09-04 20:54:13,083 INFO Running command to create thumbnail: pngtopam /home/exp1000/img_msec_1536094448288_2.png | pamscale 0.29999999999999999 | pnmtojpeg -quality 90 > /home/exp1000/img_msec_1536094448288_2_thumbnail.jpeg
2018-09-04 20:54:14,825 INFO Labeling the image using the 'default' model.
2018-09-04 20:54:14,826 INFO Running command to create input: pngtopam /home/exp1000/img_msec_1536094448288_2.png | pamscale -xsize 224 -ysize 224 | pnmtojpeg -quality 90 > /home/exp1000/img_msec_1536094448288_2_input.jpeg
2018-09-04 20:54:16,276 INFO Running command to label the image: /home/exp1000/bin/tensorflow/lite/c/image_classifier /home/exp1000/img_msec_1536094448288_2_input.jpeg /home/exp1000/models/default/model.tflite /home/exp1000/models/default/labels.txt 224 224 0 255
2018-09-04 20:54:17,362 INFO Model prediction results: {"bad": 0.849295, "earth": 0.065724, "edge": 0.084981}
2018-09-04 20:54:17,363 INFO Labeling the image as 'bad'.
2018-09-04 20:54:17,365 ERROR Failed TLE computation with image timestamp: 1536094448288
Traceback (most recent call last):
  File "/home/exp1000/acquire_and_label_images.py", line 304, in collect_metadata
    self.tle.compute(d_ephem)
ValueError: TLE elements are valid for a few weeks around their epoch, but you are asking about a date 844 days from the epoch
2018-09-04 20:54:17,367 INFO Ditching the image.
2018-09-04 20:54:17,389 INFO Removed file: /home/exp1000/img_msec_1536094448288_2.ims_rgb
2018-09-04 20:54:17,393 INFO Removed file: /home/exp1000/img_msec_1536094448288_2.png
2018-09-04 20:54:17,394 INFO Removed file: /home/exp1000/img_msec_1536094448288_2_thumbnail.jpeg
2018-09-04 20:54:17,396 INFO Removed file: /home/exp1000/img_msec_1536094448288_2_input.jpeg
2018-09-04 20:54:17,398 INFO Wait 5 seconds...
2018-09-04 20:54:22,406 INFO Running command to acquire an image: ims100_testapp -R 8 -G 8 -B 8 -c /dev/ttyACM0 -m /dev/sda -v 0 -n 1 -p -e 2 >> /home/exp1000/logs/opssat_smartcam_20180904_205345.log 2>&1

ctrl port        : /dev/ttyACM0
data port        : /dev/sda
exposure time    : 2
number of images : 1
bw img sensor    : 0
default conf     : 1
video duration   : 0
gain (RGB)       : 8 8 8
-------------------------


BST IMS100 Telemetry:
    version : 
    status  : 00
    temp[°C]: 0

exit success
2018-09-04 20:54:30,813 INFO Acquired image: /home/exp1000/img_msec_1536094465797_2.png
2018-09-04 20:54:30,815 INFO Running command to create thumbnail: pngtopam /home/exp1000/img_msec_1536094465797_2.png | pamscale 0.29999999999999999 | pnmtojpeg -quality 90 > /home/exp1000/img_msec_1536094465797_2_thumbnail.jpeg
2018-09-04 20:54:32,629 INFO Labeling the image using the 'default' model.
2018-09-04 20:54:32,631 INFO Running command to create input: pngtopam /home/exp1000/img_msec_1536094465797_2.png | pamscale -xsize 224 -ysize 224 | pnmtojpeg -quality 90 > /home/exp1000/img_msec_1536094465797_2_input.jpeg
2018-09-04 20:54:34,062 INFO Running command to label the image: /home/exp1000/bin/tensorflow/lite/c/image_classifier /home/exp1000/img_msec_1536094465797_2_input.jpeg /home/exp1000/models/default/model.tflite /home/exp1000/models/default/labels.txt 224 224 0 255
2018-09-04 20:54:35,134 INFO Model prediction results: {"bad": 0.849295, "earth": 0.065724, "edge": 0.084981}
2018-09-04 20:54:35,136 INFO Labeling the image as 'bad'.
2018-09-04 20:54:35,138 ERROR Failed TLE computation with image timestamp: 1536094465797
Traceback (most recent call last):
  File "/home/exp1000/acquire_and_label_images.py", line 304, in collect_metadata
    self.tle.compute(d_ephem)
ValueError: TLE elements are valid for a few weeks around their epoch, but you are asking about a date 844 days from the epoch
2018-09-04 20:54:35,140 INFO Ditching the image.
2018-09-04 20:54:35,162 INFO Removed file: /home/exp1000/img_msec_1536094465797_2.ims_rgb
2018-09-04 20:54:35,167 INFO Removed file: /home/exp1000/img_msec_1536094465797_2.png
2018-09-04 20:54:35,169 INFO Removed file: /home/exp1000/img_msec_1536094465797_2_thumbnail.jpeg
2018-09-04 20:54:35,170 INFO Removed file: /home/exp1000/img_msec_1536094465797_2_input.jpeg
2018-09-04 20:54:35,172 INFO Wait 5 seconds...
2018-09-04 20:54:40,176 INFO Running command to acquire an image: ims100_testapp -R 8 -G 8 -B 8 -c /dev/ttyACM0 -m /dev/sda -v 0 -n 1 -p -e 2 >> /home/exp1000/logs/opssat_smartcam_20180904_205345.log 2>&1

ctrl port        : /dev/ttyACM0
data port        : /dev/sda
exposure time    : 2
number of images : 1
bw img sensor    : 0
default conf     : 1
video duration   : 0
gain (RGB)       : 8 8 8
-------------------------


BST IMS100 Telemetry:
    version : 
    status  : 00
    temp[°C]: 0

exit success
2018-09-04 20:54:56,160 INFO Acquired image: /home/exp1000/img_msec_1536094483557_2.png
2018-09-04 20:54:56,162 INFO Running command to create thumbnail: pngtopam /home/exp1000/img_msec_1536094483557_2.png | pamscale 0.29999999999999999 | pnmtojpeg -quality 90 > /home/exp1000/img_msec_1536094483557_2_thumbnail.jpeg
2018-09-04 20:54:58,091 INFO Labeling the image using the 'default' model.
2018-09-04 20:54:58,092 INFO Running command to create input: pngtopam /home/exp1000/img_msec_1536094483557_2.png | pamscale -xsize 224 -ysize 224 | pnmtojpeg -quality 90 > /home/exp1000/img_msec_1536094483557_2_input.jpeg
2018-09-04 20:54:59,679 INFO Running command to label the image: /home/exp1000/bin/tensorflow/lite/c/image_classifier /home/exp1000/img_msec_1536094483557_2_input.jpeg /home/exp1000/models/default/model.tflite /home/exp1000/models/default/labels.txt 224 224 0 255
2018-09-04 20:55:00,716 INFO Model prediction results: {"bad": 0.853431, "earth": 0.070196, "edge": 0.076373}
2018-09-04 20:55:00,717 INFO Labeling the image as 'bad'.
2018-09-04 20:55:00,719 ERROR Failed TLE computation with image timestamp: 1536094483557
Traceback (most recent call last):
  File "/home/exp1000/acquire_and_label_images.py", line 304, in collect_metadata
    self.tle.compute(d_ephem)
ValueError: TLE elements are valid for a few weeks around their epoch, but you are asking about a date 844 days from the epoch
2018-09-04 20:55:00,721 INFO Ditching the image.
2018-09-04 20:55:00,737 INFO Removed file: /home/exp1000/img_msec_1536094483557_2.ims_rgb
2018-09-04 20:55:00,743 INFO Removed file: /home/exp1000/img_msec_1536094483557_2.png
2018-09-04 20:55:00,745 INFO Removed file: /home/exp1000/img_msec_1536094483557_2_input.jpeg
2018-09-04 20:55:00,746 INFO Removed file: /home/exp1000/img_msec_1536094483557_2_thumbnail.jpeg
2018-09-04 20:55:00,748 INFO Wait 5 seconds...
2018-09-04 20:55:05,756 INFO Running command to acquire an image: ims100_testapp -R 8 -G 8 -B 8 -c /dev/ttyACM0 -m /dev/sda -v 0 -n 1 -p -e 2 >> /home/exp1000/logs/opssat_smartcam_20180904_205345.log 2>&1

ctrl port        : /dev/ttyACM0
data port        : /dev/sda
exposure time    : 2
number of images : 1
bw img sensor    : 0
default conf     : 1
video duration   : 0
gain (RGB)       : 8 8 8
-------------------------


BST IMS100 Telemetry:
    version : 
    status  : 00
    temp[°C]: 0

exit success
2018-09-04 20:55:40,411 INFO Acquired image: /home/exp1000/img_msec_1536094509157_2.png
2018-09-04 20:55:40,413 INFO Running command to create thumbnail: pngtopam /home/exp1000/img_msec_1536094509157_2.png | pamscale 0.29999999999999999 | pnmtojpeg -quality 90 > /home/exp1000/img_msec_1536094509157_2_thumbnail.jpeg
2018-09-04 20:55:42,663 INFO Labeling the image using the 'default' model.
2018-09-04 20:55:42,665 INFO Running command to create input: pngtopam /home/exp1000/img_msec_1536094509157_2.png | pamscale -xsize 224 -ysize 224 | pnmtojpeg -quality 90 > /home/exp1000/img_msec_1536094509157_2_input.jpeg
2018-09-04 20:55:44,457 INFO Running command to label the image: /home/exp1000/bin/tensorflow/lite/c/image_classifier /home/exp1000/img_msec_1536094509157_2_input.jpeg /home/exp1000/models/default/model.tflite /home/exp1000/models/default/labels.txt 224 224 0 255
2018-09-04 20:55:45,523 INFO Model prediction results: {"bad": 0.047687, "earth": 0.927547, "edge": 0.024766}
2018-09-04 20:55:45,525 INFO Labeling the image as 'earth'.
2018-09-04 20:55:45,526 ERROR Failed TLE computation with image timestamp: 1536094509157
Traceback (most recent call last):
  File "/home/exp1000/acquire_and_label_images.py", line 304, in collect_metadata
    self.tle.compute(d_ephem)
ValueError: TLE elements are valid for a few weeks around their epoch, but you are asking about a date 844 days from the epoch
2018-09-04 20:55:45,528 INFO Keeping the image.
2018-09-04 20:55:45,595 INFO Image acquisition loop completed.
2018-09-04 20:55:45,607 INFO Disk usage:
Filesystem                Size      Used Available Use% Mounted on
/dev/root                 3.8G      1.9G      1.7G  52% /
devtmpfs                492.9M         0    492.9M   0% /dev
tmpfs                   501.4M         0    501.4M   0% /dev/shm
tmpfs                   501.4M    348.0K    501.0M   0% /run
tmpfs                   501.4M         0    501.4M   0% /sys/fs/cgroup
tmpfs                   501.4M    812.0K    500.6M   0% /tmp
tmpfs                   501.4M         0    501.4M   0% /var/volatile
tmpfs                   100.3M         0    100.3M   0% /run/user/0

2018-09-04 20:55:45,617 INFO Tarring 1 file(s) for downlink.
