2020-12-25 14:16:59,093 INFO Raw image file compression disabled.
2020-12-25 14:16:59,104 INFO Running command to acquire an image: ims100_testapp -R 8 -G 8 -B 8 -c /dev/ttyACM0 -m /dev/sda -v 0 -n 1 -p -e 2 >> /home/exp1000/logs/opssat_smartcam_20201225_141659.log 2>&1

ctrl port        : /dev/ttyACM0
data port        : /dev/sda
exposure time    : 2
number of images : 1
bw img sensor    : 0
default conf     : 1
video duration   : 0
gain (RGB)       : 8 8 8
-------------------------


BST IMS100 Telemetry:
    version : 
    status  : 00
    temp[°C]: 0

exit success
2020-12-25 14:17:07,119 INFO Acquired image: /home/exp1000/img_msec_1608905822491_2.png
2020-12-25 14:17:07,120 INFO Running command to create thumbnail: pngtopam /home/exp1000/img_msec_1608905822491_2.png | pamscale 0.29999999999999999 | pnmtojpeg -quality 90 > /home/exp1000/img_msec_1608905822491_2_thumbnail.jpeg
2020-12-25 14:17:08,779 INFO Labeling the image using the 'default' model.
2020-12-25 14:17:08,781 INFO Running command to create input: pngtopam /home/exp1000/img_msec_1608905822491_2.png | pamscale -xsize 224 -ysize 224 | pnmtojpeg -quality 90 > /home/exp1000/img_msec_1608905822491_2_input.jpeg
2020-12-25 14:17:10,064 INFO Running command to label the image: /home/exp1000/bin/tensorflow/lite/c/image_classifier /home/exp1000/img_msec_1608905822491_2_input.jpeg /home/exp1000/models/default/model.tflite /home/exp1000/models/default/labels.txt 224 224 0 255
2020-12-25 14:17:11,077 INFO Model prediction results: {"bad": 0.849295, "earth": 0.065724, "edge": 0.084981}
2020-12-25 14:17:11,079 INFO Labeling the image as 'bad'.
2020-12-25 14:17:11,082 INFO Ditching the image.
2020-12-25 14:17:11,105 INFO Removed file: /home/exp1000/img_msec_1608905822491_2.ims_rgb
2020-12-25 14:17:11,108 INFO Removed file: /home/exp1000/img_msec_1608905822491_2.png
2020-12-25 14:17:11,110 INFO Removed file: /home/exp1000/img_msec_1608905822491_2_input.jpeg
2020-12-25 14:17:11,111 INFO Removed file: /home/exp1000/img_msec_1608905822491_2_thumbnail.jpeg
2020-12-25 14:17:11,113 INFO Wait 5 seconds...
2020-12-25 14:17:16,118 INFO Running command to acquire an image: ims100_testapp -R 8 -G 8 -B 8 -c /dev/ttyACM0 -m /dev/sda -v 0 -n 1 -p -e 2 >> /home/exp1000/logs/opssat_smartcam_20201225_141659.log 2>&1

ctrl port        : /dev/ttyACM0
data port        : /dev/sda
exposure time    : 2
number of images : 1
bw img sensor    : 0
default conf     : 1
video duration   : 0
gain (RGB)       : 8 8 8
-------------------------


BST IMS100 Telemetry:
    version : 
    status  : 00
    temp[°C]: 0

exit success
2020-12-25 14:17:23,983 INFO Acquired image: /home/exp1000/img_msec_1608905839529_2.png
2020-12-25 14:17:23,984 INFO Running command to create thumbnail: pngtopam /home/exp1000/img_msec_1608905839529_2.png | pamscale 0.29999999999999999 | pnmtojpeg -quality 90 > /home/exp1000/img_msec_1608905839529_2_thumbnail.jpeg
2020-12-25 14:17:25,720 INFO Labeling the image using the 'default' model.
2020-12-25 14:17:25,721 INFO Running command to create input: pngtopam /home/exp1000/img_msec_1608905839529_2.png | pamscale -xsize 224 -ysize 224 | pnmtojpeg -quality 90 > /home/exp1000/img_msec_1608905839529_2_input.jpeg
2020-12-25 14:17:27,126 INFO Running command to label the image: /home/exp1000/bin/tensorflow/lite/c/image_classifier /home/exp1000/img_msec_1608905839529_2_input.jpeg /home/exp1000/models/default/model.tflite /home/exp1000/models/default/labels.txt 224 224 0 255
2020-12-25 14:17:28,092 INFO Model prediction results: {"bad": 0.849295, "earth": 0.065724, "edge": 0.084981}
2020-12-25 14:17:28,093 INFO Labeling the image as 'bad'.
2020-12-25 14:17:28,095 INFO Ditching the image.
2020-12-25 14:17:28,117 INFO Removed file: /home/exp1000/img_msec_1608905839529_2.ims_rgb
2020-12-25 14:17:28,120 INFO Removed file: /home/exp1000/img_msec_1608905839529_2.png
2020-12-25 14:17:28,122 INFO Removed file: /home/exp1000/img_msec_1608905839529_2_input.jpeg
2020-12-25 14:17:28,123 INFO Removed file: /home/exp1000/img_msec_1608905839529_2_thumbnail.jpeg
2020-12-25 14:17:28,125 INFO Wait 5 seconds...
2020-12-25 14:17:33,134 INFO Running command to acquire an image: ims100_testapp -R 8 -G 8 -B 8 -c /dev/ttyACM0 -m /dev/sda -v 0 -n 1 -p -e 2 >> /home/exp1000/logs/opssat_smartcam_20201225_141659.log 2>&1

ctrl port        : /dev/ttyACM0
data port        : /dev/sda
exposure time    : 2
number of images : 1
bw img sensor    : 0
default conf     : 1
video duration   : 0
gain (RGB)       : 8 8 8
-------------------------


BST IMS100 Telemetry:
    version : 
    status  : 00
    temp[°C]: 0

exit success
2020-12-25 14:17:43,622 INFO Acquired image: /home/exp1000/img_msec_1608905856570_2.png
2020-12-25 14:17:43,623 INFO Running command to create thumbnail: pngtopam /home/exp1000/img_msec_1608905856570_2.png | pamscale 0.29999999999999999 | pnmtojpeg -quality 90 > /home/exp1000/img_msec_1608905856570_2_thumbnail.jpeg
2020-12-25 14:17:45,433 INFO Labeling the image using the 'default' model.
2020-12-25 14:17:45,435 INFO Running command to create input: pngtopam /home/exp1000/img_msec_1608905856570_2.png | pamscale -xsize 224 -ysize 224 | pnmtojpeg -quality 90 > /home/exp1000/img_msec_1608905856570_2_input.jpeg
2020-12-25 14:17:46,903 INFO Running command to label the image: /home/exp1000/bin/tensorflow/lite/c/image_classifier /home/exp1000/img_msec_1608905856570_2_input.jpeg /home/exp1000/models/default/model.tflite /home/exp1000/models/default/labels.txt 224 224 0 255
2020-12-25 14:17:47,854 INFO Model prediction results: {"bad": 0.849295, "earth": 0.065724, "edge": 0.084981}
2020-12-25 14:17:47,856 INFO Labeling the image as 'bad'.
2020-12-25 14:17:47,858 INFO Ditching the image.
2020-12-25 14:17:47,880 INFO Removed file: /home/exp1000/img_msec_1608905856570_2.ims_rgb
2020-12-25 14:17:47,885 INFO Removed file: /home/exp1000/img_msec_1608905856570_2.png
2020-12-25 14:17:47,886 INFO Removed file: /home/exp1000/img_msec_1608905856570_2_thumbnail.jpeg
2020-12-25 14:17:47,888 INFO Removed file: /home/exp1000/img_msec_1608905856570_2_input.jpeg
2020-12-25 14:17:47,890 INFO Wait 5 seconds...
2020-12-25 14:17:52,898 INFO Running command to acquire an image: ims100_testapp -R 8 -G 8 -B 8 -c /dev/ttyACM0 -m /dev/sda -v 0 -n 1 -p -e 2 >> /home/exp1000/logs/opssat_smartcam_20201225_141659.log 2>&1

ctrl port        : /dev/ttyACM0
data port        : /dev/sda
exposure time    : 2
number of images : 1
bw img sensor    : 0
default conf     : 1
video duration   : 0
gain (RGB)       : 8 8 8
-------------------------


BST IMS100 Telemetry:
    version : 
    status  : 00
    temp[°C]: 0

exit success
2020-12-25 14:18:22,708 INFO Acquired image: /home/exp1000/img_msec_1608905876328_2.png
2020-12-25 14:18:22,709 INFO Running command to create thumbnail: pngtopam /home/exp1000/img_msec_1608905876328_2.png | pamscale 0.29999999999999999 | pnmtojpeg -quality 90 > /home/exp1000/img_msec_1608905876328_2_thumbnail.jpeg
2020-12-25 14:18:24,745 INFO Labeling the image using the 'default' model.
2020-12-25 14:18:24,746 INFO Running command to create input: pngtopam /home/exp1000/img_msec_1608905876328_2.png | pamscale -xsize 224 -ysize 224 | pnmtojpeg -quality 90 > /home/exp1000/img_msec_1608905876328_2_input.jpeg
2020-12-25 14:18:26,426 INFO Running command to label the image: /home/exp1000/bin/tensorflow/lite/c/image_classifier /home/exp1000/img_msec_1608905876328_2_input.jpeg /home/exp1000/models/default/model.tflite /home/exp1000/models/default/labels.txt 224 224 0 255
2020-12-25 14:18:27,427 INFO Model prediction results: {"bad": 0.035174, "earth": 0.914110, "edge": 0.050717}
2020-12-25 14:18:27,428 INFO Labeling the image as 'earth'.
2020-12-25 14:18:27,430 INFO Keeping the image.
2020-12-25 14:18:27,495 INFO Wait 0 seconds...
2020-12-25 14:18:27,499 INFO Running command to acquire an image: ims100_testapp -R 8 -G 8 -B 8 -c /dev/ttyACM0 -m /dev/sda -v 0 -n 1 -p -e 2 >> /home/exp1000/logs/opssat_smartcam_20201225_141659.log 2>&1

ctrl port        : /dev/ttyACM0
data port        : /dev/sda
exposure time    : 2
number of images : 1
bw img sensor    : 0
default conf     : 1
video duration   : 0
gain (RGB)       : 8 8 8
-------------------------


BST IMS100 Telemetry:
    version : 
    status  : 00
    temp[°C]: 0

exit success
2020-12-25 14:19:02,296 INFO Acquired image: /home/exp1000/img_msec_1608905910888_2.png
2020-12-25 14:19:02,297 INFO Running command to create thumbnail: pngtopam /home/exp1000/img_msec_1608905910888_2.png | pamscale 0.29999999999999999 | pnmtojpeg -quality 90 > /home/exp1000/img_msec_1608905910888_2_thumbnail.jpeg
2020-12-25 14:19:04,461 INFO Labeling the image using the 'default' model.
2020-12-25 14:19:04,463 INFO Running command to create input: pngtopam /home/exp1000/img_msec_1608905910888_2.png | pamscale -xsize 224 -ysize 224 | pnmtojpeg -quality 90 > /home/exp1000/img_msec_1608905910888_2_input.jpeg
2020-12-25 14:19:06,238 INFO Running command to label the image: /home/exp1000/bin/tensorflow/lite/c/image_classifier /home/exp1000/img_msec_1608905910888_2_input.jpeg /home/exp1000/models/default/model.tflite /home/exp1000/models/default/labels.txt 224 224 0 255
2020-12-25 14:19:07,265 INFO Model prediction results: {"bad": 0.030153, "earth": 0.939153, "edge": 0.030693}
2020-12-25 14:19:07,267 INFO Labeling the image as 'earth'.
2020-12-25 14:19:07,268 INFO Keeping the image.
2020-12-25 14:19:07,337 INFO Image acquisition loop completed.
2020-12-25 14:19:07,348 INFO Disk usage:
Filesystem                Size      Used Available Use% Mounted on
/dev/root                 3.8G      1.8G      1.8G  51% /
devtmpfs                492.9M         0    492.9M   0% /dev
tmpfs                   501.4M         0    501.4M   0% /dev/shm
tmpfs                   501.4M    348.0K    501.0M   0% /run
tmpfs                   501.4M         0    501.4M   0% /sys/fs/cgroup
tmpfs                   501.4M         0    501.4M   0% /var/volatile
tmpfs                   501.4M    812.0K    500.6M   0% /tmp
tmpfs                   100.3M         0    100.3M   0% /run/user/0

2020-12-25 14:19:07,358 INFO Tarring 2 file(s) for downlink.
